Start testing: Aug 25 15:36 CST
----------------------------------------------------------
1/1 Testing: standalone_ris4_tests
1/1 Test: standalone_ris4_tests
Command: "/home/qqqyy/AppFiles/ris_test/src/ris_cpp/build/run_tests"
Directory: /home/qqqyy/AppFiles/ris_test/src/ris_cpp/build
"standalone_ris4_tests" start time: Aug 25 15:36 CST
Output:
----------------------------------------------------------
Running main() from /builddir/build/BUILD/gtest-1.15.2-build/googletest-1.15.2/googletest/src/gtest_main.cc
[==========] Running 1 test from 1 test suite.
[----------] Global test environment set-up.
[----------] 1 test from HelloTest
[ RUN      ] HelloTest.BasicAssertions
[       OK ] HelloTest.BasicAssertions (0 ms)
[----------] 1 test from HelloTest (0 ms total)

[----------] Global test environment tear-down
[==========] 1 test from 1 test suite ran. (0 ms total)
[  PASSED  ] 1 test.
<end of output>
Test time =   0.00 sec
----------------------------------------------------------
Test Passed.
"standalone_ris4_tests" end time: Aug 25 15:36 CST
"standalone_ris4_tests" time elapsed: 00:00:00
----------------------------------------------------------

End testing: Aug 25 15:36 CST
